app/build/intermediates/manifest_merge_blame_file/release/manifest-merger-blame-release-report.txt
1<?xml version="1.0" encoding="utf-8"?>
2<manifest xmlns:android="http://schemas.android.com/apk/res/android"
3    package="com.minimalist.launcher"
4    android:versionCode="1"
5    android:versionName="1.0" >
6
7    <uses-sdk
8        android:minSdkVersion="26"
9        android:targetSdkVersion="34" />
10
11    <uses-permission android:name="android.permission.RECEIVE_BOOT_COMPLETED" />
11-->src\main\AndroidManifest.xml:5:5-80
11-->src\main\AndroidManifest.xml:5:22-78
12    <uses-permission android:name="android.permission.FOREGROUND_SERVICE" />
12-->src\main\AndroidManifest.xml:6:5-76
12-->src\main\AndroidManifest.xml:6:22-74
13    <uses-permission android:name="android.permission.WRITE_SETTINGS" />
13-->src\main\AndroidManifest.xml:7:5-109
13-->src\main\AndroidManifest.xml:7:22-70
14    <uses-permission android:name="android.permission.CAMERA" />
14-->src\main\AndroidManifest.xml:8:5-64
14-->src\main\AndroidManifest.xml:8:22-62
15    <uses-permission android:name="android.permission.MODIFY_AUDIO_SETTINGS" />
15-->src\main\AndroidManifest.xml:9:5-79
15-->src\main\AndroidManifest.xml:9:22-77
16    <uses-permission android:name="android.permission.ACCESS_WIFI_STATE" />
16-->src\main\AndroidManifest.xml:10:5-75
16-->src\main\AndroidManifest.xml:10:22-73
17    <uses-permission android:name="android.permission.CHANGE_WIFI_STATE" />
17-->src\main\AndroidManifest.xml:11:5-75
17-->src\main\AndroidManifest.xml:11:22-73
18    <uses-permission android:name="android.permission.BLUETOOTH" />
18-->src\main\AndroidManifest.xml:12:5-67
18-->src\main\AndroidManifest.xml:12:22-65
19    <uses-permission android:name="android.permission.BLUETOOTH_CONNECT" />
19-->src\main\AndroidManifest.xml:13:5-75
19-->src\main\AndroidManifest.xml:13:22-73
20    <uses-permission android:name="android.permission.QUERY_ALL_PACKAGES" />
20-->src\main\AndroidManifest.xml:14:5-119
20-->src\main\AndroidManifest.xml:14:22-74
21    <uses-permission android:name="android.permission.ACCESS_NETWORK_STATE" />
21-->src\main\AndroidManifest.xml:15:5-78
21-->src\main\AndroidManifest.xml:15:22-76
22    <uses-permission android:name="android.permission.CHANGE_NETWORK_STATE" />
22-->src\main\AndroidManifest.xml:16:5-78
22-->src\main\AndroidManifest.xml:16:22-76
23    <uses-permission android:name="android.permission.ACCESS_NOTIFICATION_POLICY" />
23-->src\main\AndroidManifest.xml:17:5-84
23-->src\main\AndroidManifest.xml:17:22-82
24    <uses-permission android:name="android.permission.VIBRATE" />
24-->src\main\AndroidManifest.xml:18:5-65
24-->src\main\AndroidManifest.xml:18:22-63
25    <uses-permission android:name="android.permission.SYSTEM_ALERT_WINDOW" />
25-->src\main\AndroidManifest.xml:19:5-77
25-->src\main\AndroidManifest.xml:19:22-75
26    <uses-permission android:name="android.permission.BIND_ACCESSIBILITY_SERVICE" />
26-->src\main\AndroidManifest.xml:20:5-84
26-->src\main\AndroidManifest.xml:20:22-82
27    <uses-permission android:name="android.permission.REQUEST_IGNORE_BATTERY_OPTIMIZATIONS" />
27-->src\main\AndroidManifest.xml:21:5-94
27-->src\main\AndroidManifest.xml:21:22-92
28    <uses-permission android:name="android.permission.PACKAGE_USAGE_STATS" />
28-->src\main\AndroidManifest.xml:22:5-113
28-->src\main\AndroidManifest.xml:22:22-75
29
30    <permission
30-->[androidx.core:core:1.12.0] AndroidManifest.xml:22:5-24:47
31        android:name="com.minimalist.launcher.DYNAMIC_RECEIVER_NOT_EXPORTED_PERMISSION"
31-->[androidx.core:core:1.12.0] AndroidManifest.xml:23:9-81
32        android:protectionLevel="signature" />
32-->[androidx.core:core:1.12.0] AndroidManifest.xml:24:9-44
33
34    <uses-permission android:name="com.minimalist.launcher.DYNAMIC_RECEIVER_NOT_EXPORTED_PERMISSION" />
34-->[androidx.core:core:1.12.0] AndroidManifest.xml:26:5-97
34-->[androidx.core:core:1.12.0] AndroidManifest.xml:26:22-94
35
36    <application
36-->src\main\AndroidManifest.xml:24:5-121:19
37        android:name="com.minimalist.launcher.MissLauncherApp"
37-->src\main\AndroidManifest.xml:25:9-40
38        android:allowBackup="true"
38-->src\main\AndroidManifest.xml:26:9-35
39        android:appComponentFactory="androidx.core.app.CoreComponentFactory"
39-->[androidx.core:core:1.12.0] AndroidManifest.xml:28:18-86
40        android:extractNativeLibs="false"
41        android:fontFamily="monospace"
41-->src\main\AndroidManifest.xml:32:9-39
42        android:icon="@mipmap/ic_launcher"
42-->src\main\AndroidManifest.xml:27:9-43
43        android:label="MISS Minimal"
43-->src\main\AndroidManifest.xml:29:9-37
44        android:roundIcon="@mipmap/ic_launcher_round"
44-->src\main\AndroidManifest.xml:28:9-54
45        android:supportsRtl="true"
45-->src\main\AndroidManifest.xml:30:9-35
46        android:theme="@style/Theme.MinimalistLauncher" >
46-->src\main\AndroidManifest.xml:31:9-56
47        <receiver
47-->src\main\AndroidManifest.xml:34:9-41:20
48            android:name="com.minimalist.launcher.BootReceiver"
48-->src\main\AndroidManifest.xml:35:13-41
49            android:enabled="true"
49-->src\main\AndroidManifest.xml:36:13-35
50            android:exported="true" >
50-->src\main\AndroidManifest.xml:37:13-36
51            <intent-filter>
51-->src\main\AndroidManifest.xml:38:13-40:29
52                <action android:name="android.intent.action.BOOT_COMPLETED" />
52-->src\main\AndroidManifest.xml:39:17-78
52-->src\main\AndroidManifest.xml:39:25-76
53            </intent-filter>
54        </receiver>
55        <receiver
55-->src\main\AndroidManifest.xml:43:9-53:20
56            android:name="com.minimalist.launcher.MissDeviceAdmin"
56-->src\main\AndroidManifest.xml:44:13-44
57            android:exported="true"
57-->src\main\AndroidManifest.xml:46:13-36
58            android:permission="android.permission.BIND_DEVICE_ADMIN" >
58-->src\main\AndroidManifest.xml:45:13-70
59            <meta-data
59-->src\main\AndroidManifest.xml:47:13-49:62
60                android:name="android.app.device_admin"
60-->src\main\AndroidManifest.xml:48:17-56
61                android:resource="@xml/device_admin_rules" />
61-->src\main\AndroidManifest.xml:49:17-59
62
63            <intent-filter>
63-->src\main\AndroidManifest.xml:50:13-52:29
64                <action android:name="android.app.action.DEVICE_ADMIN_ENABLED" />
64-->src\main\AndroidManifest.xml:51:17-82
64-->src\main\AndroidManifest.xml:51:25-79
65            </intent-filter>
66        </receiver>
67
68        <activity
68-->src\main\AndroidManifest.xml:55:9-69:20
69            android:name="com.minimalist.launcher.MainActivity"
69-->src\main\AndroidManifest.xml:56:13-41
70            android:clearTaskOnLaunch="true"
70-->src\main\AndroidManifest.xml:58:13-45
71            android:exported="true"
71-->src\main\AndroidManifest.xml:62:13-36
72            android:launchMode="singleTask"
72-->src\main\AndroidManifest.xml:57:13-44
73            android:resumeWhilePausing="true"
73-->src\main\AndroidManifest.xml:60:13-46
74            android:screenOrientation="portrait"
74-->src\main\AndroidManifest.xml:61:13-49
75            android:stateNotNeeded="true" >
75-->src\main\AndroidManifest.xml:59:13-42
76            <intent-filter>
76-->src\main\AndroidManifest.xml:63:13-68:29
77                <action android:name="android.intent.action.MAIN" />
77-->src\main\AndroidManifest.xml:64:17-69
77-->src\main\AndroidManifest.xml:64:25-66
78
79                <category android:name="android.intent.category.HOME" />
79-->src\main\AndroidManifest.xml:65:17-73
79-->src\main\AndroidManifest.xml:65:27-70
80                <category android:name="android.intent.category.DEFAULT" />
80-->src\main\AndroidManifest.xml:66:17-76
80-->src\main\AndroidManifest.xml:66:27-73
81                <category android:name="android.intent.category.LAUNCHER" />
81-->src\main\AndroidManifest.xml:67:17-77
81-->src\main\AndroidManifest.xml:67:27-74
82            </intent-filter>
83        </activity>
84        <activity
84-->src\main\AndroidManifest.xml:71:9-91
85            android:name="com.minimalist.launcher.AppPickerActivity"
85-->src\main\AndroidManifest.xml:71:19-52
86            android:screenOrientation="portrait" />
86-->src\main\AndroidManifest.xml:71:53-89
87        <activity
87-->src\main\AndroidManifest.xml:72:9-95
88            android:name="com.minimalist.launcher.QuickSettingsActivity"
88-->src\main\AndroidManifest.xml:72:19-56
89            android:screenOrientation="portrait" />
89-->src\main\AndroidManifest.xml:72:57-93
90        <activity
90-->src\main\AndroidManifest.xml:73:9-91
91            android:name="com.minimalist.launcher.AppDrawerActivity"
91-->src\main\AndroidManifest.xml:73:19-52
92            android:screenOrientation="portrait" />
92-->src\main\AndroidManifest.xml:73:53-89
93        <activity
93-->src\main\AndroidManifest.xml:74:9-98
94            android:name="com.minimalist.launcher.LauncherSettingsActivity"
94-->src\main\AndroidManifest.xml:74:19-59
95            android:screenOrientation="portrait" />
95-->src\main\AndroidManifest.xml:74:60-96
96        <activity
96-->src\main\AndroidManifest.xml:75:9-91
97            android:name="com.minimalist.launcher.TimeLimitActivity"
97-->src\main\AndroidManifest.xml:75:19-52
98            android:screenOrientation="portrait" />
98-->src\main\AndroidManifest.xml:75:53-89
99        <activity
99-->src\main\AndroidManifest.xml:76:9-87
100            android:name="com.minimalist.launcher.FocusActivity"
100-->src\main\AndroidManifest.xml:76:19-48
101            android:screenOrientation="portrait" />
101-->src\main\AndroidManifest.xml:76:49-85
102        <activity
102-->src\main\AndroidManifest.xml:77:9-99
103            android:name="com.minimalist.launcher.NotificationPanelActivity"
103-->src\main\AndroidManifest.xml:77:19-60
104            android:screenOrientation="portrait" />
104-->src\main\AndroidManifest.xml:77:61-97
105        <activity
105-->src\main\AndroidManifest.xml:78:9-102
106            android:name="com.minimalist.launcher.PermissionOnboardingActivity"
106-->src\main\AndroidManifest.xml:78:19-63
107            android:screenOrientation="portrait" />
107-->src\main\AndroidManifest.xml:78:64-100
108        <activity
108-->src\main\AndroidManifest.xml:79:9-87
109            android:name="com.minimalist.launcher.TermsActivity"
109-->src\main\AndroidManifest.xml:79:19-48
110            android:screenOrientation="portrait" />
110-->src\main\AndroidManifest.xml:79:49-85
111
112        <service
112-->src\main\AndroidManifest.xml:81:9-87:19
113            android:name="com.minimalist.launcher.NotificationService"
113-->src\main\AndroidManifest.xml:81:18-53
114            android:exported="true"
114-->src\main\AndroidManifest.xml:83:13-36
115            android:permission="android.permission.BIND_NOTIFICATION_LISTENER_SERVICE" >
115-->src\main\AndroidManifest.xml:82:13-87
116            <intent-filter>
116-->src\main\AndroidManifest.xml:84:13-86:29
117                <action android:name="android.service.notification.NotificationListenerService" />
117-->src\main\AndroidManifest.xml:85:17-99
117-->src\main\AndroidManifest.xml:85:25-96
118            </intent-filter>
119        </service>
120        <service
120-->src\main\AndroidManifest.xml:89:5-90:39
121            android:name="com.minimalist.launcher.NotificationBlockerService"
121-->src\main\AndroidManifest.xml:89:14-56
122            android:exported="false" />
122-->src\main\AndroidManifest.xml:90:13-37
123        <service
123-->src\main\AndroidManifest.xml:92:9-102:19
124            android:name="com.minimalist.launcher.NotificationBlockAccessibility"
124-->src\main\AndroidManifest.xml:93:13-59
125            android:exported="true"
125-->src\main\AndroidManifest.xml:95:13-36
126            android:permission="android.permission.BIND_ACCESSIBILITY_SERVICE" >
126-->src\main\AndroidManifest.xml:94:13-79
127            <intent-filter>
127-->src\main\AndroidManifest.xml:96:13-98:29
128                <action android:name="android.accessibilityservice.AccessibilityService" />
128-->src\main\AndroidManifest.xml:97:17-91
128-->src\main\AndroidManifest.xml:97:25-89
129            </intent-filter>
130
131            <meta-data
131-->src\main\AndroidManifest.xml:99:13-101:71
132                android:name="android.accessibilityservice"
132-->src\main\AndroidManifest.xml:100:17-60
133                android:resource="@xml/accessibility_service_config" />
133-->src\main\AndroidManifest.xml:101:17-69
134        </service>
135        <service
135-->src\main\AndroidManifest.xml:104:9-106:39
136            android:name="com.minimalist.launcher.StrictModeOverlayService"
136-->src\main\AndroidManifest.xml:104:18-58
137            android:exported="false"
137-->src\main\AndroidManifest.xml:106:13-37
138            android:foregroundServiceType="specialUse" />
138-->src\main\AndroidManifest.xml:105:13-55
139        <service
139-->src\main\AndroidManifest.xml:108:9-119:19
140            android:name="com.minimalist.launcher.StrictModeService"
140-->src\main\AndroidManifest.xml:109:13-46
141            android:exported="true"
141-->src\main\AndroidManifest.xml:110:13-36
142            android:label="MISS Minimal Strict Mode"
142-->src\main\AndroidManifest.xml:111:13-53
143            android:permission="android.permission.BIND_ACCESSIBILITY_SERVICE" >
143-->src\main\AndroidManifest.xml:112:13-79
144            <intent-filter>
144-->src\main\AndroidManifest.xml:96:13-98:29
145                <action android:name="android.accessibilityservice.AccessibilityService" />
145-->src\main\AndroidManifest.xml:97:17-91
145-->src\main\AndroidManifest.xml:97:25-89
146            </intent-filter>
147
148            <meta-data
148-->src\main\AndroidManifest.xml:99:13-101:71
149                android:name="android.accessibilityservice"
149-->src\main\AndroidManifest.xml:100:17-60
150                android:resource="@xml/strict_mode_service" />
150-->src\main\AndroidManifest.xml:101:17-69
151        </service>
152
153        <provider
153-->[androidx.emoji2:emoji2:1.2.0] AndroidManifest.xml:24:9-32:20
154            android:name="androidx.startup.InitializationProvider"
154-->[androidx.emoji2:emoji2:1.2.0] AndroidManifest.xml:25:13-67
155            android:authorities="com.minimalist.launcher.androidx-startup"
155-->[androidx.emoji2:emoji2:1.2.0] AndroidManifest.xml:26:13-68
156            android:exported="false" >
156-->[androidx.emoji2:emoji2:1.2.0] AndroidManifest.xml:27:13-37
157            <meta-data
157-->[androidx.emoji2:emoji2:1.2.0] AndroidManifest.xml:29:13-31:52
158                android:name="androidx.emoji2.text.EmojiCompatInitializer"
158-->[androidx.emoji2:emoji2:1.2.0] AndroidManifest.xml:30:17-75
159                android:value="androidx.startup" />
159-->[androidx.emoji2:emoji2:1.2.0] AndroidManifest.xml:31:17-49
160            <meta-data
160-->[androidx.lifecycle:lifecycle-process:2.6.1] AndroidManifest.xml:29:13-31:52
161                android:name="androidx.lifecycle.ProcessLifecycleInitializer"
161-->[androidx.lifecycle:lifecycle-process:2.6.1] AndroidManifest.xml:30:17-78
162                android:value="androidx.startup" />
162-->[androidx.lifecycle:lifecycle-process:2.6.1] AndroidManifest.xml:31:17-49
163            <meta-data
163-->[androidx.profileinstaller:profileinstaller:1.3.0] AndroidManifest.xml:29:13-31:52
164                android:name="androidx.profileinstaller.ProfileInstallerInitializer"
164-->[androidx.profileinstaller:profileinstaller:1.3.0] AndroidManifest.xml:30:17-85
165                android:value="androidx.startup" />
165-->[androidx.profileinstaller:profileinstaller:1.3.0] AndroidManifest.xml:31:17-49
166        </provider>
167
168        <receiver
168-->[androidx.profileinstaller:profileinstaller:1.3.0] AndroidManifest.xml:34:9-52:20
169            android:name="androidx.profileinstaller.ProfileInstallReceiver"
169-->[androidx.profileinstaller:profileinstaller:1.3.0] AndroidManifest.xml:35:13-76
170            android:directBootAware="false"
170-->[androidx.profileinstaller:profileinstaller:1.3.0] AndroidManifest.xml:36:13-44
171            android:enabled="true"
171-->[androidx.profileinstaller:profileinstaller:1.3.0] AndroidManifest.xml:37:13-35
172            android:exported="true"
172-->[androidx.profileinstaller:profileinstaller:1.3.0] AndroidManifest.xml:38:13-36
173            android:permission="android.permission.DUMP" >
173-->[androidx.profileinstaller:profileinstaller:1.3.0] AndroidManifest.xml:39:13-57
174            <intent-filter>
174-->[androidx.profileinstaller:profileinstaller:1.3.0] AndroidManifest.xml:40:13-42:29
175                <action android:name="androidx.profileinstaller.action.INSTALL_PROFILE" />
175-->[androidx.profileinstaller:profileinstaller:1.3.0] AndroidManifest.xml:41:17-91
175-->[androidx.profileinstaller:profileinstaller:1.3.0] AndroidManifest.xml:41:25-88
176            </intent-filter>
177            <intent-filter>
177-->[androidx.profileinstaller:profileinstaller:1.3.0] AndroidManifest.xml:43:13-45:29
178                <action android:name="androidx.profileinstaller.action.SKIP_FILE" />
178-->[androidx.profileinstaller:profileinstaller:1.3.0] AndroidManifest.xml:44:17-85
178-->[androidx.profileinstaller:profileinstaller:1.3.0] AndroidManifest.xml:44:25-82
179            </intent-filter>
180            <intent-filter>
180-->[androidx.profileinstaller:profileinstaller:1.3.0] AndroidManifest.xml:46:13-48:29
181                <action android:name="androidx.profileinstaller.action.SAVE_PROFILE" />
181-->[androidx.profileinstaller:profileinstaller:1.3.0] AndroidManifest.xml:47:17-88
181-->[androidx.profileinstaller:profileinstaller:1.3.0] AndroidManifest.xml:47:25-85
182            </intent-filter>
183            <intent-filter>
183-->[androidx.profileinstaller:profileinstaller:1.3.0] AndroidManifest.xml:49:13-51:29
184                <action android:name="androidx.profileinstaller.action.BENCHMARK_OPERATION" />
184-->[androidx.profileinstaller:profileinstaller:1.3.0] AndroidManifest.xml:50:17-95
184-->[androidx.profileinstaller:profileinstaller:1.3.0] AndroidManifest.xml:50:25-92
185            </intent-filter>
186        </receiver>
187    </application>
188
189</manifest>